<?xml version="1.0" encoding="UTF-8"?>
<!-- Generated by org.testng.reporters.JUnitReportReporter -->
<testsuite hostname="A" name="com.hotelbooking.Test01" tests="4" failures="0" timestamp="31 Oct 2017 15:57:00 GMT" time="1.428" errors="0">
  <testcase name="testSaveBooking" time="0.714" classname="com.hotelbooking.Test01"/>
  <testcase name="f" time="0.005" classname="com.hotelbooking.Test01"/>
  <testcase name="getHotelReservationPage" time="0.487" classname="com.hotelbooking.Test01"/>
  <testcase name="testDeleteBooking" time="0.222" classname="com.hotelbooking.Test01"/>
</testsuite> <!-- com.hotelbooking.Test01 -->
