<?xml version="1.0" encoding="UTF-8"?>
<!-- Generated by org.testng.reporters.JUnitReportReporter -->
<testsuite hostname="A" name="com.hotelbooking.TestBooking" tests="3" failures="0" timestamp="31 Oct 2017 16:47:50 GMT" time="3.046" errors="0">
  <testcase name="testCreateBooking" time="1.220" classname="com.hotelbooking.TestBooking"/>
  <testcase name="getHotelReservationPage" time="0.480" classname="com.hotelbooking.TestBooking"/>
  <testcase name="testDeleteAllBooking" time="1.346" classname="com.hotelbooking.TestBooking"/>
</testsuite> <!-- com.hotelbooking.TestBooking -->
