<?xml version="1.0" encoding="UTF-8"?>
<!-- Generated by org.testng.reporters.JUnitReportReporter -->
<testsuite hostname="A" name="com.hotelbooking.TestBooking" tests="3" failures="0" timestamp="1 Nov 2017 12:16:08 GMT" time="8.276" errors="0">
  <testcase name="testDeleteBooking" time="2.920" classname="com.hotelbooking.TestBooking"/>
  <testcase name="testCreateBooking" time="1.645" classname="com.hotelbooking.TestBooking"/>
  <testcase name="testHotelReservationPage" time="3.711" classname="com.hotelbooking.TestBooking"/>
</testsuite> <!-- com.hotelbooking.TestBooking -->
