<?xml version="1.0" encoding="UTF-8"?>
<!-- Generated by org.testng.reporters.JUnitReportReporter -->
<testsuite hostname="A" name="com.hotelbooking.TestBooking" tests="3" failures="0" timestamp="1 Nov 2017 12:23:45 GMT" time="6.801" errors="0">
  <testcase name="testDeleteBooking" time="1.230" classname="com.hotelbooking.TestBooking"/>
  <testcase name="testCreateBooking" time="1.698" classname="com.hotelbooking.TestBooking"/>
  <testcase name="testHotelReservationPage" time="3.873" classname="com.hotelbooking.TestBooking"/>
</testsuite> <!-- com.hotelbooking.TestBooking -->
